<?xml version="1.0" encoding="UTF-8"?>
<testsuite name="com.guitar.repository.ModelPersistenceTests" time="0" tests="1" errors="1" skipped="0" failures="0">
  <properties>
[...]
</properties>
  <testcase name="com.guitar.repository.ModelPersistenceTests" classname="org.apache.maven.surefire.junit4.JUnit4Provider" time="0">
    <error message="org.junit.runner.notification.RunNotifier.testAborted(Lorg/junit/runner/Description;Ljava/lang/Throwable;)V" type="java.lang.NoSuchMethodError">java.lang.NoSuchMethodError: org.junit.runner.notification.RunNotifier.testAborted(Lorg/junit/runner/Description;Ljava/lang/Throwable;)V
	at org.springframework.test.context.junit4.SpringJUnit4ClassRunner.invokeTestMethod(SpringJUnit4ClassRunner.java:146)
	at org.junit.internal.runners.JUnit4ClassRunner.runMethods(JUnit4ClassRunner.java:59)
	at org.junit.internal.runners.JUnit4ClassRunner$1.run(JUnit4ClassRunner.java:52)
	at org.junit.internal.runners.ClassRoadie.runUnprotected(ClassRoadie.java:34)
	at org.junit.internal.runners.ClassRoadie.runProtected(ClassRoadie.java:44)
	at org.junit.internal.runners.JUnit4ClassRunner.run(JUnit4ClassRunner.java:50)
	at org.apache.maven.surefire.junit4.JUnit4Provider.execute(JUnit4Provider.java:264)
	at org.apache.maven.surefire.junit4.JUnit4Provider.executeTestSet(JUnit4Provider.java:153)
	at org.apache.maven.surefire.junit4.JUnit4Provider.invoke(JUnit4Provider.java:124)
</error>
    <system-out><![CDATA[15:51:26.221 [main] DEBUG o.s.t.c.j.SpringJUnit4ClassRunner - SpringJUnit4ClassRunner constructor called with [class com.guitar.repository.ModelPersistenceTests].
15:51:26.221 [main] INFO  o.s.test.context.TestContext - @ContextConfiguration not found for class [class com.guitar.repository.ModelPersistenceTests].
15:51:26.221 [main] INFO  o.s.test.context.TestContextManager - @TestExecutionListeners is not present for class [class com.guitar.repository.ModelPersistenceTests]: using defaults.
15:51:26.222 [main] DEBUG o.s.t.c.j.SpringJUnit4ClassRunner - Invoking test method [public void com.guitar.repository.ModelPersistenceTests.testGetModelsByTypes() throws java.lang.Exception]
15:51:26.222 [main] DEBUG o.s.t.c.s.DependencyInjectionTestExecutionListener - Performing dependency injection for test context [[TestContext@7b2bbc3 testClass = ModelPersistenceTests, locations = [null], testInstance = com.guitar.repository.ModelPersistenceTests@a1153bc, testMethod = [null], testException = [null]]].
15:51:26.222 [main] ERROR o.s.test.context.TestContextManager - Caught exception while allowing TestExecutionListener [org.springframework.test.context.support.DependencyInjectionTestExecutionListener@1aafa419] to prepare test instance [com.guitar.repository.ModelPersistenceTests@a1153bc]
java.lang.IllegalArgumentException: Can not build an ApplicationContext with a NULL 'contextLoader'. Consider annotating your test class with @ContextConfiguration.
	at org.springframework.util.Assert.notNull(Assert.java:112) ~[spring-core-4.1.4.RELEASE.jar:4.1.4.RELEASE]
	at org.springframework.test.context.TestContext.buildApplicationContext(TestContext.java:192) ~[spring-test-2.5.jar:2.5]
	at org.springframework.test.context.TestContext.getApplicationContext(TestContext.java:233) ~[spring-test-2.5.jar:2.5]
	at org.springframework.test.context.support.DependencyInjectionTestExecutionListener.injectDependencies(DependencyInjectionTestExecutionListener.java:126) ~[spring-test-2.5.jar:2.5]
	at org.springframework.test.context.support.DependencyInjectionTestExecutionListener.prepareTestInstance(DependencyInjectionTestExecutionListener.java:85) ~[spring-test-2.5.jar:2.5]
	at org.springframework.test.context.TestContextManager.prepareTestInstance(TestContextManager.java:231) ~[spring-test-2.5.jar:2.5]
	at org.springframework.test.context.junit4.SpringJUnit4ClassRunner.createTest(SpringJUnit4ClassRunner.java:95) [spring-test-2.5.jar:2.5]
	at org.springframework.test.context.junit4.SpringJUnit4ClassRunner.invokeTestMethod(SpringJUnit4ClassRunner.java:139) [spring-test-2.5.jar:2.5]
	at org.junit.internal.runners.JUnit4ClassRunner.runMethods(JUnit4ClassRunner.java:59) [junit-4.12.jar:4.12]
	at org.junit.internal.runners.JUnit4ClassRunner$1.run(JUnit4ClassRunner.java:52) [junit-4.12.jar:4.12]
	at org.junit.internal.runners.ClassRoadie.runUnprotected(ClassRoadie.java:34) [junit-4.12.jar:4.12]
	at org.junit.internal.runners.ClassRoadie.runProtected(ClassRoadie.java:44) [junit-4.12.jar:4.12]
	at org.junit.internal.runners.JUnit4ClassRunner.run(JUnit4ClassRunner.java:50) [junit-4.12.jar:4.12]
	at org.apache.maven.surefire.junit4.JUnit4Provider.execute(JUnit4Provider.java:264) [surefire-junit4-2.17.jar:2.17]
	at org.apache.maven.surefire.junit4.JUnit4Provider.executeTestSet(JUnit4Provider.java:153) [surefire-junit4-2.17.jar:2.17]
	at org.apache.maven.surefire.junit4.JUnit4Provider.invoke(JUnit4Provider.java:124) [surefire-junit4-2.17.jar:2.17]
	at org.apache.maven.surefire.booter.ForkedBooter.invokeProviderInSameClassLoader(ForkedBooter.java:200) [surefire-booter-2.17.jar:2.17]
	at org.apache.maven.surefire.booter.ForkedBooter.runSuitesInProcess(ForkedBooter.java:153) [surefire-booter-2.17.jar:2.17]
	at org.apache.maven.surefire.booter.ForkedBooter.main(ForkedBooter.java:103) [surefire-booter-2.17.jar:2.17]
]]></system-out>
  </testcase>
</testsuite>